[24May2025 00:00:37.238] [Server thread/WARN] [net.minecraft.server.network.ServerGamePacketListenerImpl/]: DrPingaFloja moved too quickly! 7.279273025592829,0.0,6.978765925470611
[24May2025 00:00:49.458] [VoiceChatPacketProcessingThread/INFO] [voicechat/]: [voicechat] Player f45bc295-6c7a-3aa9-95fe-73944750202f timed out
[24May2025 00:00:49.459] [VoiceChatPacketProcessingThread/INFO] [voicechat/]: [voicechat] Reconnecting player DrPingaFloja
[24May2025 00:00:49.459] [VoiceChatPacketProcessingThread/INFO] [voicechat/]: [voicechat] Sent secret to DrPingaFloja
[24May2025 00:00:50.428] [Server thread/INFO] [net.minecraft.server.network.ServerGamePacketListenerImpl/]: DrPingaFloja lost connection: Timed out
[24May2025 00:00:50.428] [Server thread/INFO] [net.minecraft.server.MinecraftServer/]: DrPingaFloja left the game
[24May2025 00:00:50.428] [Server thread/INFO] [voicechat/]: [voicechat] Disconnecting client DrPingaFloja
[24May2025 00:01:50.916] [Server thread/INFO] [net.minecraft.server.MinecraftServer/]: Mtaep has reached the goal [Fighting Nightmares]
[24May2025 00:03:17.065] [Server thread/INFO] [net.minecraft.server.MinecraftServer/]: Zitroop has made the advancement [Dark Metallurgy]
[24May2025 00:03:38.759] [Server thread/INFO] [net.minecraft.server.MinecraftServer/]: [Not Secure] <Mtaep> no encuentro nada
[24May2025 00:03:49.236] [Server thread/INFO] [net.minecraft.server.players.PlayerList/]: DrPingaFloja[/10.243.123.226:59070] logged in with entity id 13052 at (-1835.2233371957982, 149.0, 818.3438033244619)
[24May2025 00:03:49.245] [Server thread/INFO] [ModernFix/]: Using enhanced recipe sync for player DrPingaFloja
[24May2025 00:03:49.269] [Server thread/INFO] [net.minecraft.server.MinecraftServer/]: DrPingaFloja joined the game
[24May2025 00:03:49.290] [Server thread/INFO] [Jade/]: Syncing config to DrPingaFloja (f45bc295-6c7a-3aa9-95fe-73944750202f)
[24May2025 00:03:50.421] [Server thread/INFO] [net.minecraft.server.MinecraftServer/]: [Not Secure] <Zitroop> Ni yo
[24May2025 00:03:53.243] [Server thread/INFO] [voicechat/]: [voicechat] Received secret request of DrPingaFloja (18)
[24May2025 00:03:53.244] [Server thread/INFO] [voicechat/]: [voicechat] Sent secret to DrPingaFloja
[24May2025 00:04:10.131] [Server thread/INFO] [net.minecraft.server.MinecraftServer/]: Zitroop hit the ground too hard whilst trying to escape Zombie Bruiser
[24May2025 00:04:10.200] [Server thread/INFO] [tombstone/]: The player Zitroop has successfully been saved
[24May2025 00:04:11.955] [VoiceChatPacketProcessingThread/INFO] [voicechat/]: [voicechat] Successfully authenticated player f45bc295-6c7a-3aa9-95fe-73944750202f
[24May2025 00:04:12.947] [VoiceChatPacketProcessingThread/INFO] [voicechat/]: [voicechat] Successfully validated connection of player f45bc295-6c7a-3aa9-95fe-73944750202f
[24May2025 00:04:12.947] [VoiceChatPacketProcessingThread/INFO] [voicechat/]: [voicechat] Player DrPingaFloja (f45bc295-6c7a-3aa9-95fe-73944750202f) successfully connected to voice chat
[24May2025 00:04:13.279] [Server thread/INFO] [net.minecraft.server.MinecraftServer/]: [Not Secure] <Zitroop> dam
[24May2025 00:05:36.919] [Server thread/INFO] [net.minecraft.server.MinecraftServer/]: Mtaep has reached the goal [Horror Under the Mantle]
[24May2025 00:05:38.019] [Server thread/INFO] [net.minecraft.server.MinecraftServer/]: Mtaep has made the advancement [Dark Metallurgy]
[24May2025 00:05:54.112] [Server thread/INFO] [net.minecraft.server.MinecraftServer/]: [Not Secure] <Mtaep> loco me encontre con la santa muerte alv
[24May2025 00:06:26.728] [Server thread/INFO] [net.minecraft.server.MinecraftServer/]: Zitroop has made the advancement [Who You Gonna Call?]
[24May2025 00:07:15.118] [Server thread/INFO] [net.minecraft.server.MinecraftServer/]: [Not Secure] <Zitroop> no hay de esa flor loco
[24May2025 00:07:46.568] [Server thread/INFO] [net.minecraft.server.MinecraftServer/]: [Not Secure] <Mtaep> seguro es rara
[24May2025 00:07:51.074] [Server thread/INFO] [net.minecraft.server.MinecraftServer/]: [Not Secure] <DrPingaFloja> que flor
[24May2025 00:08:38.117] [Server thread/INFO] [net.minecraft.server.MinecraftServer/]: Zitroop has completed the challenge [Eye of the Tiger]
[24May2025 00:09:23.666] [Server thread/INFO] [net.minecraft.server.MinecraftServer/]: [Not Secure] <Mtaep> nde
[24May2025 00:09:25.973] [Server thread/INFO] [net.minecraft.server.MinecraftServer/]: [Not Secure] <Mtaep> encontre
[24May2025 00:09:30.903] [Server thread/INFO] [net.minecraft.server.MinecraftServer/]: Zitroop was slain by Ravager
[24May2025 00:09:30.925] [Server thread/INFO] [tombstone/]: The player Zitroop has successfully been saved
[24May2025 00:09:35.465] [Server thread/INFO] [net.minecraft.server.MinecraftServer/]: [Not Secure] <Mtaep> montonazo hay HAHAHA
[24May2025 00:09:39.375] [Server thread/WARN] [net.minecraft.server.network.ServerGamePacketListenerImpl/]: DrPingaFloja moved too quickly! 0.0,-15.371748888824413,0.0
[24May2025 00:09:43.069] [Server thread/INFO] [net.minecraft.server.MinecraftServer/]: [Not Secure] <DrPingaFloja> que cosa alvv
[24May2025 00:09:45.473] [Server thread/INFO] [net.minecraft.server.MinecraftServer/]: DrPingaFloja fell from a high place
[24May2025 00:09:45.478] [Server thread/INFO] [tombstone/]: The player DrPingaFloja has successfully been saved
[24May2025 00:09:48.867] [Server thread/INFO] [net.minecraft.server.MinecraftServer/]: [Not Secure] <Mtaep> NDE
[24May2025 00:09:52.696] [Server thread/INFO] [net.minecraft.server.MinecraftServer/]: [Not Secure] <Zitroop> dale, boss
[24May2025 00:09:56.188] [Server thread/INFO] [net.minecraft.server.MinecraftServer/]: [Not Secure] <Mtaep> vayan todos a farolito
[24May2025 00:10:00.547] [VoiceChatPacketProcessingThread/INFO] [voicechat/]: [voicechat] Player f45bc295-6c7a-3aa9-95fe-73944750202f timed out
[24May2025 00:10:00.547] [VoiceChatPacketProcessingThread/INFO] [voicechat/]: [voicechat] Reconnecting player DrPingaFloja
[24May2025 00:10:00.548] [VoiceChatPacketProcessingThread/INFO] [voicechat/]: [voicechat] Sent secret to DrPingaFloja
[24May2025 00:10:07.574] [Server thread/INFO] [net.minecraft.server.network.ServerGamePacketListenerImpl/]: DrPingaFloja lost connection: Timed out
[24May2025 00:10:07.574] [Server thread/INFO] [net.minecraft.server.MinecraftServer/]: DrPingaFloja left the game
[24May2025 00:10:07.575] [Server thread/INFO] [voicechat/]: [voicechat] Disconnecting client DrPingaFloja
[24May2025 00:10:14.274] [Server thread/INFO] [net.minecraft.server.MinecraftServer/]: [Not Secure] <Mtaep> bueno
[24May2025 00:10:24.166] [Server thread/INFO] [net.minecraft.server.MinecraftServer/]: [Not Secure] <Mtaep> jorge
[24May2025 00:10:28.631] [Server thread/INFO] [net.minecraft.server.players.PlayerList/]: DrPingaFloja[/10.243.123.226:59124] logged in with entity id 18073 at (-1831.9614725313877, 149.0, 806.1668874617648)
[24May2025 00:10:28.641] [Server thread/INFO] [ModernFix/]: Using enhanced recipe sync for player DrPingaFloja
[24May2025 00:10:28.650] [Server thread/INFO] [net.minecraft.server.MinecraftServer/]: DrPingaFloja joined the game
[24May2025 00:10:28.659] [Server thread/INFO] [Jade/]: Syncing config to DrPingaFloja (f45bc295-6c7a-3aa9-95fe-73944750202f)
[24May2025 00:10:30.372] [Server thread/INFO] [net.minecraft.server.MinecraftServer/]: [Not Secure] <Mtaep> este boss esta muy bien animado
[24May2025 00:10:30.676] [Server thread/INFO] [voicechat/]: [voicechat] Received secret request of DrPingaFloja (18)
[24May2025 00:10:30.676] [Server thread/INFO] [voicechat/]: [voicechat] Sent secret to DrPingaFloja
[24May2025 00:10:32.279] [Server thread/INFO] [net.minecraft.server.MinecraftServer/]: [Not Secure] <Zitroop> ya voy
[24May2025 00:10:39.069] [VoiceChatPacketProcessingThread/INFO] [voicechat/]: [voicechat] Successfully authenticated player f45bc295-6c7a-3aa9-95fe-73944750202f
[24May2025 00:10:40.059] [VoiceChatPacketProcessingThread/INFO] [voicechat/]: [voicechat] Successfully validated connection of player f45bc295-6c7a-3aa9-95fe-73944750202f
[24May2025 00:10:40.059] [VoiceChatPacketProcessingThread/INFO] [voicechat/]: [voicechat] Player DrPingaFloja (f45bc295-6c7a-3aa9-95fe-73944750202f) successfully connected to voice chat
[24May2025 00:10:40.622] [Server thread/INFO] [net.minecraft.server.MinecraftServer/]: [Not Secure] <Mtaep> con secuencia de ataques faciles de entender
[24May2025 00:10:50.073] [Server thread/INFO] [net.minecraft.server.MinecraftServer/]: [Not Secure] <Mtaep> estoy a 400 bloques
[24May2025 00:10:51.719] [Server thread/INFO] [net.minecraft.server.MinecraftServer/]: [Not Secure] <DrPingaFloja> que flor pio dicen
[24May2025 00:10:55.625] [Server thread/INFO] [net.minecraft.server.MinecraftServer/]: [Not Secure] <Mtaep> vas a ver
[24May2025 00:11:05.670] [Server thread/INFO] [net.minecraft.server.MinecraftServer/]: [Not Secure] <DrPingaFloja> bro respeta
[24May2025 00:11:35.108] [Server thread/INFO] [net.minecraft.server.MinecraftServer/]: Zitroop has completed the challenge [Premium!]
[24May2025 00:11:57.089] [Server thread/INFO] [net.minecraft.server.MinecraftServer/]: [Not Secure] <Zitroop> voy a farolito
[24May2025 00:12:06.267] [Server thread/INFO] [net.minecraft.server.MinecraftServer/]: [Not Secure] <Mtaep> ya estoy yo
[24May2025 00:12:19.075] [Server thread/INFO] [net.minecraft.server.MinecraftServer/]: Zitroop has reached the goal [Fortuitous Militia]
